<?xml version="1.0" encoding="UTF-8"?>
<testsuite xmlns:xsi="http://www.w3.org/2001/XMLSchema-instance" xsi:noNamespaceSchemaLocation="https://maven.apache.org/surefire/maven-surefire-plugin/xsd/surefire-test-report.xsd" name="com.minesweeper.AppTest" time="0.018" tests="1" errors="0" skipped="0" failures="0">
  <properties>
    <property name="sun.desktop" value="gnome"/>
    <property name="awt.toolkit" value="sun.awt.X11.XToolkit"/>
    <property name="java.specification.version" value="11"/>
    <property name="sun.cpu.isalist" value=""/>
    <property name="sun.jnu.encoding" value="UTF-8"/>
    <property name="java.class.path" value="/home/bes/Documents/sem6/minesweeper/minesweeper/target/test-classes:/home/bes/Documents/sem6/minesweeper/minesweeper/target/classes:/home/bes/.m2/repository/junit/junit/4.11/junit-4.11.jar:/home/bes/.m2/repository/org/hamcrest/hamcrest-core/1.3/hamcrest-core-1.3.jar:/home/bes/.m2/repository/org/choco-solver/choco-solver/4.10.14/choco-solver-4.10.14.jar:/home/bes/.m2/repository/dk/brics/automaton/automaton/1.11-8/automaton-1.11-8.jar:/home/bes/.m2/repository/org/jgrapht/jgrapht-core/1.4.0/jgrapht-core-1.4.0.jar:/home/bes/.m2/repository/org/jheaps/jheaps/0.11/jheaps-0.11.jar:/home/bes/.m2/repository/org/knowm/xchart/xchart/3.8.3/xchart-3.8.3.jar:/home/bes/.m2/repository/de/erichseifert/vectorgraphics2d/VectorGraphics2D/0.13/VectorGraphics2D-0.13.jar:/home/bes/.m2/repository/de/rototor/pdfbox/graphics2d/0.41/graphics2d-0.41.jar:/home/bes/.m2/repository/org/apache/pdfbox/pdfbox/2.0.26/pdfbox-2.0.26.jar:/home/bes/.m2/repository/org/apache/pdfbox/fontbox/2.0.26/fontbox-2.0.26.jar:/home/bes/.m2/repository/commons-logging/commons-logging/1.2/commons-logging-1.2.jar:/home/bes/.m2/repository/com/madgag/animated-gif-lib/1.4/animated-gif-lib-1.4.jar:/home/bes/.m2/repository/org/ehcache/sizeof/0.4.3/sizeof-0.4.3.jar:/home/bes/.m2/repository/org/slf4j/slf4j-api/1.7.36/slf4j-api-1.7.36.jar:/home/bes/.m2/repository/net/sf/trove4j/trove4j/3.0.3/trove4j-3.0.3.jar:"/>
    <property name="java.vm.vendor" value="Ubuntu"/>
    <property name="sun.arch.data.model" value="64"/>
    <property name="java.vendor.url" value="https://ubuntu.com/"/>
    <property name="user.timezone" value=""/>
    <property name="java.vm.specification.version" value="11"/>
    <property name="os.name" value="Linux"/>
    <property name="sun.java.launcher" value="SUN_STANDARD"/>
    <property name="user.country" value="US"/>
    <property name="sun.boot.library.path" value="/usr/lib/jvm/java-11-openjdk-amd64/lib"/>
    <property name="sun.java.command" value="/home/bes/Documents/sem6/minesweeper/minesweeper/target/surefire/surefirebooter18066521675426761521.jar /home/bes/Documents/sem6/minesweeper/minesweeper/target/surefire 2024-07-22T00-49-09_343-jvmRun1 surefire13518268703214944127tmp surefire_012324868154127364382tmp"/>
    <property name="jdk.debug" value="release"/>
    <property name="surefire.test.class.path" value="/home/bes/Documents/sem6/minesweeper/minesweeper/target/test-classes:/home/bes/Documents/sem6/minesweeper/minesweeper/target/classes:/home/bes/.m2/repository/junit/junit/4.11/junit-4.11.jar:/home/bes/.m2/repository/org/hamcrest/hamcrest-core/1.3/hamcrest-core-1.3.jar:/home/bes/.m2/repository/org/choco-solver/choco-solver/4.10.14/choco-solver-4.10.14.jar:/home/bes/.m2/repository/dk/brics/automaton/automaton/1.11-8/automaton-1.11-8.jar:/home/bes/.m2/repository/org/jgrapht/jgrapht-core/1.4.0/jgrapht-core-1.4.0.jar:/home/bes/.m2/repository/org/jheaps/jheaps/0.11/jheaps-0.11.jar:/home/bes/.m2/repository/org/knowm/xchart/xchart/3.8.3/xchart-3.8.3.jar:/home/bes/.m2/repository/de/erichseifert/vectorgraphics2d/VectorGraphics2D/0.13/VectorGraphics2D-0.13.jar:/home/bes/.m2/repository/de/rototor/pdfbox/graphics2d/0.41/graphics2d-0.41.jar:/home/bes/.m2/repository/org/apache/pdfbox/pdfbox/2.0.26/pdfbox-2.0.26.jar:/home/bes/.m2/repository/org/apache/pdfbox/fontbox/2.0.26/fontbox-2.0.26.jar:/home/bes/.m2/repository/commons-logging/commons-logging/1.2/commons-logging-1.2.jar:/home/bes/.m2/repository/com/madgag/animated-gif-lib/1.4/animated-gif-lib-1.4.jar:/home/bes/.m2/repository/org/ehcache/sizeof/0.4.3/sizeof-0.4.3.jar:/home/bes/.m2/repository/org/slf4j/slf4j-api/1.7.36/slf4j-api-1.7.36.jar:/home/bes/.m2/repository/net/sf/trove4j/trove4j/3.0.3/trove4j-3.0.3.jar:"/>
    <property name="sun.cpu.endian" value="little"/>
    <property name="user.home" value="/home/bes"/>
    <property name="user.language" value="en"/>
    <property name="java.specification.vendor" value="Oracle Corporation"/>
    <property name="java.version.date" value="2024-04-16"/>
    <property name="java.home" value="/usr/lib/jvm/java-11-openjdk-amd64"/>
    <property name="file.separator" value="/"/>
    <property name="basedir" value="/home/bes/Documents/sem6/minesweeper/minesweeper"/>
    <property name="java.vm.compressedOopsMode" value="Zero based"/>
    <property name="line.separator" value="&#10;"/>
    <property name="java.specification.name" value="Java Platform API Specification"/>
    <property name="java.vm.specification.vendor" value="Oracle Corporation"/>
    <property name="java.awt.graphicsenv" value="sun.awt.X11GraphicsEnvironment"/>
    <property name="surefire.real.class.path" value="/home/bes/Documents/sem6/minesweeper/minesweeper/target/surefire/surefirebooter18066521675426761521.jar"/>
    <property name="sun.management.compiler" value="HotSpot 64-Bit Tiered Compilers"/>
    <property name="java.runtime.version" value="11.0.23+9-post-Ubuntu-1ubuntu122.04.1"/>
    <property name="user.name" value="bes"/>
    <property name="path.separator" value=":"/>
    <property name="os.version" value="6.5.0-44-generic"/>
    <property name="java.runtime.name" value="OpenJDK Runtime Environment"/>
    <property name="file.encoding" value="UTF-8"/>
    <property name="java.vm.name" value="OpenJDK 64-Bit Server VM"/>
    <property name="localRepository" value="/home/bes/.m2/repository"/>
    <property name="java.vendor.url.bug" value="https://bugs.launchpad.net/ubuntu/+source/openjdk-lts"/>
    <property name="java.io.tmpdir" value="/tmp"/>
    <property name="java.version" value="11.0.23"/>
    <property name="user.dir" value="/home/bes/Documents/sem6/minesweeper/minesweeper"/>
    <property name="os.arch" value="amd64"/>
    <property name="java.vm.specification.name" value="Java Virtual Machine Specification"/>
    <property name="java.awt.printerjob" value="sun.print.PSPrinterJob"/>
    <property name="sun.os.patch.level" value="unknown"/>
    <property name="java.library.path" value="/usr/java/packages/lib:/usr/lib/x86_64-linux-gnu/jni:/lib/x86_64-linux-gnu:/usr/lib/x86_64-linux-gnu:/usr/lib/jni:/lib:/usr/lib"/>
    <property name="java.vm.info" value="mixed mode, sharing"/>
    <property name="java.vendor" value="Ubuntu"/>
    <property name="java.vm.version" value="11.0.23+9-post-Ubuntu-1ubuntu122.04.1"/>
    <property name="java.specification.maintenance.version" value="2"/>
    <property name="sun.io.unicode.encoding" value="UnicodeLittle"/>
    <property name="java.class.version" value="55.0"/>
  </properties>
  <testcase name="shouldAnswerWithTrue" classname="com.minesweeper.AppTest" time="0.001"/>
</testsuite>